{"E:\\programs\\Git\\dev\\stellar-burgers\\src\\services\\reducers\\index.ts": {"path":"E:\\programs\\Git\\dev\\stellar-burgers\\src\\services\\reducers\\index.ts","statementMap":{"0":{"start":{"line":1,"column":0},"end":{"line":1,"column":51}},"1":{"start":{"line":2,"column":0},"end":{"line":2,"column":null}},"2":{"start":{"line":11,"column":13},"end":{"line":18,"column":3}}},"fnMap":{},"branchMap":{},"s":{"0":1,"1":1,"2":1},"f":{},"b":{}}
,"E:\\programs\\Git\\dev\\stellar-burgers\\src\\services\\selectors\\feedSelectors.ts": {"path":"E:\\programs\\Git\\dev\\stellar-burgers\\src\\services\\selectors\\feedSelectors.ts","statementMap":{"0":{"start":{"line":3,"column":26},"end":{"line":3,"column":53}},"1":{"start":{"line":3,"column":48},"end":{"line":3,"column":59}},"2":{"start":{"line":3,"column":13},"end":{"line":3,"column":26}}},"fnMap":{"0":{"name":"(anonymous_0)","decl":{"start":{"line":3,"column":26},"end":{"line":3,"column":27}},"loc":{"start":{"line":3,"column":43},"end":{"line":3,"column":53}}}},"branchMap":{},"s":{"0":1,"1":2,"2":1},"f":{"0":2},"b":{}}
,"E:\\programs\\Git\\dev\\stellar-burgers\\src\\services\\selectors\\ingredientsSelector.ts": {"path":"E:\\programs\\Git\\dev\\stellar-burgers\\src\\services\\selectors\\ingredientsSelector.ts","statementMap":{"0":{"start":{"line":3,"column":33},"end":{"line":3,"column":60}},"1":{"start":{"line":3,"column":55},"end":{"line":3,"column":73}},"2":{"start":{"line":3,"column":13},"end":{"line":3,"column":33}},"3":{"start":{"line":4,"column":37},"end":{"line":5,"column":7}},"4":{"start":{"line":5,"column":2},"end":{"line":5,"column":32}},"5":{"start":{"line":4,"column":13},"end":{"line":4,"column":37}},"6":{"start":{"line":7,"column":36},"end":{"line":7,"column":53}},"7":{"start":{"line":7,"column":52},"end":{"line":10,"column":2}},"8":{"start":{"line":8,"column":2},"end":{"line":8,"column":28}},"9":{"start":{"line":8,"column":11},"end":{"line":8,"column":28}},"10":{"start":{"line":9,"column":2},"end":{"line":9,"column":71}},"11":{"start":{"line":9,"column":54},"end":{"line":9,"column":70}},"12":{"start":{"line":7,"column":13},"end":{"line":7,"column":36}},"13":{"start":{"line":12,"column":26},"end":{"line":13,"column":7}},"14":{"start":{"line":13,"column":2},"end":{"line":15,"column":4}},"15":{"start":{"line":14,"column":20},"end":{"line":14,"column":null}},"16":{"start":{"line":12,"column":13},"end":{"line":12,"column":26}},"17":{"start":{"line":17,"column":27},"end":{"line":18,"column":7}},"18":{"start":{"line":18,"column":2},"end":{"line":20,"column":4}},"19":{"start":{"line":19,"column":20},"end":{"line":19,"column":null}},"20":{"start":{"line":17,"column":13},"end":{"line":17,"column":27}},"21":{"start":{"line":22,"column":28},"end":{"line":23,"column":7}},"22":{"start":{"line":23,"column":2},"end":{"line":25,"column":4}},"23":{"start":{"line":24,"column":20},"end":{"line":24,"column":null}},"24":{"start":{"line":22,"column":13},"end":{"line":22,"column":28}}},"fnMap":{"0":{"name":"(anonymous_0)","decl":{"start":{"line":3,"column":33},"end":{"line":3,"column":34}},"loc":{"start":{"line":3,"column":50},"end":{"line":3,"column":60}}},"1":{"name":"(anonymous_1)","decl":{"start":{"line":4,"column":37},"end":{"line":4,"column":38}},"loc":{"start":{"line":4,"column":54},"end":{"line":5,"column":7}}},"2":{"name":"(anonymous_2)","decl":{"start":{"line":7,"column":36},"end":{"line":7,"column":37}},"loc":{"start":{"line":7,"column":47},"end":{"line":7,"column":53}}},"3":{"name":"(anonymous_3)","decl":{"start":{"line":7,"column":52},"end":{"line":7,"column":53}},"loc":{"start":{"line":7,"column":69},"end":{"line":10,"column":1}}},"4":{"name":"(anonymous_4)","decl":{"start":{"line":9,"column":44},"end":{"line":9,"column":45}},"loc":{"start":{"line":9,"column":49},"end":{"line":9,"column":58}}},"5":{"name":"(anonymous_5)","decl":{"start":{"line":12,"column":26},"end":{"line":12,"column":27}},"loc":{"start":{"line":12,"column":43},"end":{"line":13,"column":7}}},"6":{"name":"(anonymous_6)","decl":{"start":{"line":14,"column":4},"end":{"line":14,"column":5}},"loc":{"start":{"line":14,"column":15},"end":{"line":14,"column":30}}},"7":{"name":"(anonymous_7)","decl":{"start":{"line":17,"column":27},"end":{"line":17,"column":28}},"loc":{"start":{"line":17,"column":44},"end":{"line":18,"column":7}}},"8":{"name":"(anonymous_8)","decl":{"start":{"line":19,"column":4},"end":{"line":19,"column":5}},"loc":{"start":{"line":19,"column":15},"end":{"line":19,"column":30}}},"9":{"name":"(anonymous_9)","decl":{"start":{"line":22,"column":28},"end":{"line":22,"column":29}},"loc":{"start":{"line":22,"column":45},"end":{"line":23,"column":7}}},"10":{"name":"(anonymous_10)","decl":{"start":{"line":24,"column":4},"end":{"line":24,"column":5}},"loc":{"start":{"line":24,"column":15},"end":{"line":24,"column":30}}}},"branchMap":{"0":{"loc":{"start":{"line":8,"column":2},"end":{"line":8,"column":28}},"type":"if","locations":[{"start":{"line":8,"column":2},"end":{"line":8,"column":28}}]}},"s":{"0":1,"1":1,"2":1,"3":1,"4":1,"5":1,"6":1,"7":2,"8":2,"9":1,"10":1,"11":2,"12":1,"13":1,"14":1,"15":3,"16":1,"17":1,"18":1,"19":3,"20":1,"21":1,"22":1,"23":3,"24":1},"f":{"0":1,"1":1,"2":2,"3":2,"4":2,"5":1,"6":3,"7":1,"8":3,"9":1,"10":3},"b":{"0":[1]}}
,"E:\\programs\\Git\\dev\\stellar-burgers\\src\\services\\selectors\\profileSelectors.ts": {"path":"E:\\programs\\Git\\dev\\stellar-burgers\\src\\services\\selectors\\profileSelectors.ts","statementMap":{"0":{"start":{"line":3,"column":35},"end":{"line":3,"column":62}},"1":{"start":{"line":3,"column":57},"end":{"line":3,"column":78}},"2":{"start":{"line":3,"column":13},"end":{"line":3,"column":35}}},"fnMap":{"0":{"name":"(anonymous_0)","decl":{"start":{"line":3,"column":35},"end":{"line":3,"column":36}},"loc":{"start":{"line":3,"column":52},"end":{"line":3,"column":62}}}},"branchMap":{},"s":{"0":1,"1":2,"2":1},"f":{"0":2},"b":{}}
,"E:\\programs\\Git\\dev\\stellar-burgers\\src\\services\\selectors\\userSelectors.ts": {"path":"E:\\programs\\Git\\dev\\stellar-burgers\\src\\services\\selectors\\userSelectors.ts","statementMap":{"0":{"start":{"line":3,"column":26},"end":{"line":3,"column":53}},"1":{"start":{"line":3,"column":48},"end":{"line":3,"column":59}},"2":{"start":{"line":3,"column":13},"end":{"line":3,"column":26}}},"fnMap":{"0":{"name":"(anonymous_0)","decl":{"start":{"line":3,"column":26},"end":{"line":3,"column":27}},"loc":{"start":{"line":3,"column":43},"end":{"line":3,"column":53}}}},"branchMap":{},"s":{"0":1,"1":1,"2":1},"f":{"0":1},"b":{}}
,"E:\\programs\\Git\\dev\\stellar-burgers\\src\\services\\slices\\authSlice.ts": {"path":"E:\\programs\\Git\\dev\\stellar-burgers\\src\\services\\slices\\authSlice.ts","statementMap":{"0":{"start":{"line":1,"column":0},"end":{"line":1,"column":80}},"1":{"start":{"line":2,"column":0},"end":{"line":2,"column":null}},"2":{"start":{"line":11,"column":0},"end":{"line":11,"column":61}},"3":{"start":{"line":21,"column":32},"end":{"line":26,"column":2}},"4":{"start":{"line":175,"column":25},"end":{"line":175,"column":41}},"5":{"start":{"line":28,"column":13},"end":{"line":50,"column":3}},"6":{"start":{"line":32,"column":53},"end":{"line":32,"column":55}},"7":{"start":{"line":34,"column":16},"end":{"line":34,"column":null}},"8":{"start":{"line":34,"column":10},"end":{"line":34,"column":null}},"9":{"start":{"line":35,"column":4},"end":{"line":35,"column":59}},"10":{"start":{"line":36,"column":4},"end":{"line":36,"column":46}},"11":{"start":{"line":37,"column":4},"end":{"line":37,"column":15}},"12":{"start":{"line":39,"column":10},"end":{"line":46,"column":35}},"13":{"start":{"line":48,"column":4},"end":{"line":48,"column":50}},"14":{"start":{"line":52,"column":13},"end":{"line":65,"column":2}},"15":{"start":{"line":54,"column":60},"end":{"line":54,"column":62}},"16":{"start":{"line":56,"column":18},"end":{"line":56,"column":null}},"17":{"start":{"line":56,"column":12},"end":{"line":56,"column":null}},"18":{"start":{"line":57,"column":6},"end":{"line":57,"column":22}},"19":{"start":{"line":59,"column":6},"end":{"line":61,"column":7}},"20":{"start":{"line":60,"column":8},"end":{"line":60,"column":44}},"21":{"start":{"line":62,"column":6},"end":{"line":62,"column":57}},"22":{"start":{"line":67,"column":13},"end":{"line":70,"column":3}},"23":{"start":{"line":67,"column":56},"end":{"line":70,"column":2}},"24":{"start":{"line":68,"column":15},"end":{"line":68,"column":null}},"25":{"start":{"line":68,"column":8},"end":{"line":68,"column":null}},"26":{"start":{"line":69,"column":2},"end":{"line":69,"column":19}},"27":{"start":{"line":72,"column":13},"end":{"line":88,"column":3}},"28":{"start":{"line":76,"column":46},"end":{"line":76,"column":48}},"29":{"start":{"line":78,"column":16},"end":{"line":78,"column":null}},"30":{"start":{"line":78,"column":10},"end":{"line":78,"column":null}},"31":{"start":{"line":79,"column":4},"end":{"line":79,"column":59}},"32":{"start":{"line":80,"column":4},"end":{"line":80,"column":46}},"33":{"start":{"line":81,"column":4},"end":{"line":81,"column":20}},"34":{"start":{"line":83,"column":4},"end":{"line":85,"column":5}},"35":{"start":{"line":84,"column":6},"end":{"line":84,"column":42}},"36":{"start":{"line":86,"column":4},"end":{"line":86,"column":49}},"37":{"start":{"line":90,"column":13},"end":{"line":105,"column":2}},"38":{"start":{"line":92,"column":29},"end":{"line":92,"column":31}},"39":{"start":{"line":94,"column":18},"end":{"line":94,"column":null}},"40":{"start":{"line":94,"column":12},"end":{"line":94,"column":null}},"41":{"start":{"line":95,"column":6},"end":{"line":95,"column":46}},"42":{"start":{"line":96,"column":6},"end":{"line":96,"column":34}},"43":{"start":{"line":97,"column":6},"end":{"line":97,"column":17}},"44":{"start":{"line":99,"column":6},"end":{"line":101,"column":7}},"45":{"start":{"line":100,"column":8},"end":{"line":100,"column":44}},"46":{"start":{"line":102,"column":6},"end":{"line":102,"column":46}},"47":{"start":{"line":107,"column":18},"end":{"line":169,"column":2}},"48":{"start":{"line":112,"column":6},"end":{"line":112,"column":35}},"49":{"start":{"line":116,"column":4},"end":{"line":167,"column":9}},"50":{"start":{"line":118,"column":8},"end":{"line":118,"column":31}},"51":{"start":{"line":119,"column":8},"end":{"line":119,"column":27}},"52":{"start":{"line":122,"column":8},"end":{"line":122,"column":32}},"53":{"start":{"line":123,"column":8},"end":{"line":123,"column":41}},"54":{"start":{"line":126,"column":8},"end":{"line":126,"column":32}},"55":{"start":{"line":127,"column":8},"end":{"line":127,"column":45}},"56":{"start":{"line":130,"column":8},"end":{"line":130,"column":31}},"57":{"start":{"line":133,"column":8},"end":{"line":133,"column":32}},"58":{"start":{"line":134,"column":8},"end":{"line":134,"column":36}},"59":{"start":{"line":135,"column":8},"end":{"line":135,"column":35}},"60":{"start":{"line":138,"column":8},"end":{"line":138,"column":32}},"61":{"start":{"line":139,"column":8},"end":{"line":139,"column":26}},"62":{"start":{"line":140,"column":8},"end":{"line":140,"column":35}},"63":{"start":{"line":143,"column":8},"end":{"line":143,"column":36}},"64":{"start":{"line":144,"column":8},"end":{"line":144,"column":27}},"65":{"start":{"line":147,"column":8},"end":{"line":147,"column":32}},"66":{"start":{"line":148,"column":8},"end":{"line":148,"column":47}},"67":{"start":{"line":151,"column":8},"end":{"line":151,"column":26}},"68":{"start":{"line":157,"column":8},"end":{"line":157,"column":31}},"69":{"start":{"line":158,"column":8},"end":{"line":158,"column":27}},"70":{"start":{"line":161,"column":8},"end":{"line":161,"column":36}},"71":{"start":{"line":162,"column":8},"end":{"line":162,"column":32}},"72":{"start":{"line":165,"column":8},"end":{"line":165,"column":32}},"73":{"start":{"line":166,"column":8},"end":{"line":166,"column":77}},"74":{"start":{"line":171,"column":15},"end":{"line":171,"column":46}},"75":{"start":{"line":173,"column":13},"end":{"line":173,"column":45}}},"fnMap":{"0":{"name":"(anonymous_13)","decl":{"start":{"line":32,"column":23},"end":{"line":32,"column":30}},"loc":{"start":{"line":32,"column":55},"end":{"line":50,"column":2}}},"1":{"name":"(anonymous_16)","decl":{"start":{"line":54,"column":2},"end":{"line":54,"column":9}},"loc":{"start":{"line":54,"column":62},"end":{"line":64,"column":null}}},"2":{"name":"(anonymous_19)","decl":{"start":{"line":67,"column":56},"end":{"line":67,"column":null}},"loc":{"start":{"line":67,"column":56},"end":{"line":70,"column":2}}},"3":{"name":"(anonymous_22)","decl":{"start":{"line":76,"column":16},"end":{"line":76,"column":23}},"loc":{"start":{"line":76,"column":48},"end":{"line":88,"column":2}}},"4":{"name":"(anonymous_25)","decl":{"start":{"line":92,"column":2},"end":{"line":92,"column":9}},"loc":{"start":{"line":92,"column":31},"end":{"line":104,"column":null}}},"5":{"name":"(anonymous_28)","decl":{"start":{"line":111,"column":12},"end":{"line":111,"column":13}},"loc":{"start":{"line":111,"column":56},"end":{"line":113,"column":5}}},"6":{"name":"(anonymous_29)","decl":{"start":{"line":115,"column":17},"end":{"line":115,"column":18}},"loc":{"start":{"line":115,"column":25},"end":{"line":168,"column":3}}},"7":{"name":"(anonymous_30)","decl":{"start":{"line":117,"column":37},"end":{"line":117,"column":38}},"loc":{"start":{"line":117,"column":43},"end":{"line":120,"column":7}}},"8":{"name":"(anonymous_31)","decl":{"start":{"line":121,"column":39},"end":{"line":121,"column":40}},"loc":{"start":{"line":121,"column":53},"end":{"line":124,"column":7}}},"9":{"name":"(anonymous_32)","decl":{"start":{"line":125,"column":38},"end":{"line":125,"column":39}},"loc":{"start":{"line":125,"column":52},"end":{"line":128,"column":7}}},"10":{"name":"(anonymous_33)","decl":{"start":{"line":129,"column":32},"end":{"line":129,"column":33}},"loc":{"start":{"line":129,"column":38},"end":{"line":131,"column":7}}},"11":{"name":"(anonymous_34)","decl":{"start":{"line":132,"column":34},"end":{"line":132,"column":35}},"loc":{"start":{"line":132,"column":48},"end":{"line":136,"column":7}}},"12":{"name":"(anonymous_35)","decl":{"start":{"line":137,"column":33},"end":{"line":137,"column":34}},"loc":{"start":{"line":137,"column":39},"end":{"line":141,"column":7}}},"13":{"name":"(anonymous_36)","decl":{"start":{"line":142,"column":36},"end":{"line":142,"column":37}},"loc":{"start":{"line":142,"column":50},"end":{"line":145,"column":7}}},"14":{"name":"(anonymous_37)","decl":{"start":{"line":146,"column":35},"end":{"line":146,"column":36}},"loc":{"start":{"line":146,"column":49},"end":{"line":149,"column":7}}},"15":{"name":"(anonymous_38)","decl":{"start":{"line":150,"column":37},"end":{"line":150,"column":38}},"loc":{"start":{"line":150,"column":43},"end":{"line":152,"column":7}}},"16":{"name":"(anonymous_39)","decl":{"start":{"line":156,"column":35},"end":{"line":156,"column":36}},"loc":{"start":{"line":156,"column":41},"end":{"line":159,"column":7}}},"17":{"name":"(anonymous_40)","decl":{"start":{"line":160,"column":37},"end":{"line":160,"column":38}},"loc":{"start":{"line":160,"column":73},"end":{"line":163,"column":7}}},"18":{"name":"(anonymous_41)","decl":{"start":{"line":164,"column":36},"end":{"line":164,"column":37}},"loc":{"start":{"line":164,"column":50},"end":{"line":167,"column":7}}}},"branchMap":{"0":{"loc":{"start":{"line":40,"column":6},"end":{"line":46,"column":34}},"type":"cond-expr","locations":[{"start":{"line":41,"column":10},"end":{"line":41,"column":21}},{"start":{"line":42,"column":10},"end":{"line":46,"column":34}}]},"1":{"loc":{"start":{"line":42,"column":10},"end":{"line":46,"column":34}},"type":"cond-expr","locations":[{"start":{"line":43,"column":12},"end":{"line":43,"column":15}},{"start":{"line":44,"column":12},"end":{"line":46,"column":34}}]},"2":{"loc":{"start":{"line":44,"column":12},"end":{"line":46,"column":34}},"type":"cond-expr","locations":[{"start":{"line":45,"column":15},"end":{"line":45,"column":50}},{"start":{"line":46,"column":14},"end":{"line":46,"column":34}}]},"3":{"loc":{"start":{"line":44,"column":12},"end":{"line":44,"column":62}},"type":"binary-expr","locations":[{"start":{"line":44,"column":12},"end":{"line":44,"column":15}},{"start":{"line":44,"column":19},"end":{"line":44,"column":42}},{"start":{"line":44,"column":46},"end":{"line":44,"column":62}}]},"4":{"loc":{"start":{"line":59,"column":6},"end":{"line":61,"column":7}},"type":"if","locations":[{"start":{"line":59,"column":6},"end":{"line":61,"column":7}}]},"5":{"loc":{"start":{"line":68,"column":15},"end":{"line":68,"column":null}},"type":"switch","locations":[{"start":{"line":68,"column":15},"end":{"line":68,"column":null}}]},"6":{"loc":{"start":{"line":83,"column":4},"end":{"line":85,"column":5}},"type":"if","locations":[{"start":{"line":83,"column":4},"end":{"line":85,"column":5}}]},"7":{"loc":{"start":{"line":99,"column":6},"end":{"line":101,"column":7}},"type":"if","locations":[{"start":{"line":99,"column":6},"end":{"line":101,"column":7}}]},"8":{"loc":{"start":{"line":127,"column":22},"end":{"line":127,"column":44}},"type":"binary-expr","locations":[{"start":{"line":127,"column":22},"end":{"line":127,"column":36}},{"start":{"line":127,"column":40},"end":{"line":127,"column":44}}]},"9":{"loc":{"start":{"line":166,"column":22},"end":{"line":166,"column":76}},"type":"binary-expr","locations":[{"start":{"line":166,"column":22},"end":{"line":166,"column":46}},{"start":{"line":166,"column":50},"end":{"line":166,"column":76}}]}},"s":{"0":2,"1":2,"2":2,"3":2,"4":2,"5":2,"6":0,"7":0,"8":0,"9":0,"10":0,"11":0,"12":0,"13":0,"14":2,"15":0,"16":0,"17":0,"18":0,"19":0,"20":0,"21":0,"22":2,"23":0,"24":0,"25":0,"26":0,"27":2,"28":0,"29":0,"30":0,"31":0,"32":0,"33":0,"34":0,"35":0,"36":0,"37":2,"38":0,"39":0,"40":0,"41":0,"42":0,"43":0,"44":0,"45":0,"46":0,"47":2,"48":1,"49":2,"50":1,"51":1,"52":1,"53":1,"54":3,"55":3,"56":1,"57":1,"58":1,"59":1,"60":1,"61":1,"62":1,"63":3,"64":3,"65":1,"66":1,"67":1,"68":3,"69":3,"70":1,"71":1,"72":1,"73":1,"74":2,"75":2},"f":{"0":0,"1":0,"2":0,"3":0,"4":0,"5":1,"6":2,"7":1,"8":1,"9":3,"10":1,"11":1,"12":1,"13":3,"14":1,"15":1,"16":3,"17":1,"18":1},"b":{"0":[0,0],"1":[0,0],"2":[0,0],"3":[0,0,0],"4":[0],"5":[0],"6":[0],"7":[0],"8":[3,0],"9":[1,0]}}
,"E:\\programs\\Git\\dev\\stellar-burgers\\src\\services\\slices\\constructorSlice.ts": {"path":"E:\\programs\\Git\\dev\\stellar-burgers\\src\\services\\slices\\constructorSlice.ts","statementMap":{"0":{"start":{"line":1,"column":0},"end":{"line":1,"column":80}},"1":{"start":{"line":3,"column":0},"end":{"line":3,"column":68}},"2":{"start":{"line":13,"column":13},"end":{"line":27,"column":3}},"3":{"start":{"line":17,"column":66},"end":{"line":17,"column":68}},"4":{"start":{"line":18,"column":2},"end":{"line":20,"column":3}},"5":{"start":{"line":19,"column":4},"end":{"line":19,"column":62}},"6":{"start":{"line":22,"column":16},"end":{"line":22,"column":null}},"7":{"start":{"line":22,"column":10},"end":{"line":22,"column":null}},"8":{"start":{"line":23,"column":4},"end":{"line":23,"column":15}},"9":{"start":{"line":25,"column":4},"end":{"line":25,"column":56}},"10":{"start":{"line":29,"column":39},"end":{"line":36,"column":2}},"11":{"start":{"line":108,"column":25},"end":{"line":108,"column":48}},"12":{"start":{"line":38,"column":25},"end":{"line":94,"column":2}},"13":{"start":{"line":43,"column":6},"end":{"line":43,"column":50}},"14":{"start":{"line":46,"column":6},"end":{"line":46,"column":62}},"15":{"start":{"line":49,"column":6},"end":{"line":52,"column":10}},"16":{"start":{"line":51,"column":20},"end":{"line":51,"column":null}},"17":{"start":{"line":55,"column":6},"end":{"line":55,"column":62}},"18":{"start":{"line":56,"column":6},"end":{"line":56,"column":33}},"19":{"start":{"line":57,"column":6},"end":{"line":57,"column":34}},"20":{"start":{"line":60,"column":6},"end":{"line":60,"column":42}},"21":{"start":{"line":63,"column":6},"end":{"line":63,"column":44}},"22":{"start":{"line":66,"column":20},"end":{"line":66,"column":34}},"23":{"start":{"line":67,"column":6},"end":{"line":70,"column":7}},"24":{"start":{"line":68,"column":23},"end":{"line":68,"column":57}},"25":{"start":{"line":69,"column":8},"end":{"line":69,"column":45}},"26":{"start":{"line":73,"column":20},"end":{"line":73,"column":34}},"27":{"start":{"line":74,"column":21},"end":{"line":74,"column":55}},"28":{"start":{"line":75,"column":6},"end":{"line":77,"column":7}},"29":{"start":{"line":76,"column":8},"end":{"line":76,"column":45}},"30":{"start":{"line":81,"column":4},"end":{"line":92,"column":9}},"31":{"start":{"line":83,"column":8},"end":{"line":83,"column":34}},"32":{"start":{"line":86,"column":8},"end":{"line":86,"column":35}},"33":{"start":{"line":87,"column":8},"end":{"line":87,"column":61}},"34":{"start":{"line":90,"column":8},"end":{"line":90,"column":35}},"35":{"start":{"line":91,"column":8},"end":{"line":91,"column":36}},"36":{"start":{"line":97,"column":2},"end":{"line":104,"column":null}},"37":{"start":{"line":107,"column":13},"end":{"line":107,"column":59}}},"fnMap":{"0":{"name":"(anonymous_13)","decl":{"start":{"line":17,"column":29},"end":{"line":17,"column":36}},"loc":{"start":{"line":17,"column":68},"end":{"line":27,"column":2}}},"1":{"name":"(anonymous_16)","decl":{"start":{"line":42,"column":10},"end":{"line":42,"column":11}},"loc":{"start":{"line":42,"column":63},"end":{"line":44,"column":5}}},"2":{"name":"(anonymous_17)","decl":{"start":{"line":45,"column":17},"end":{"line":45,"column":18}},"loc":{"start":{"line":45,"column":70},"end":{"line":47,"column":5}}},"3":{"name":"(anonymous_18)","decl":{"start":{"line":48,"column":20},"end":{"line":48,"column":21}},"loc":{"start":{"line":48,"column":57},"end":{"line":53,"column":5}}},"4":{"name":"(anonymous_19)","decl":{"start":{"line":51,"column":10},"end":{"line":51,"column":11}},"loc":{"start":{"line":51,"column":15},"end":{"line":51,"column":24}}},"5":{"name":"(anonymous_20)","decl":{"start":{"line":54,"column":14},"end":{"line":54,"column":15}},"loc":{"start":{"line":54,"column":20},"end":{"line":58,"column":5}}},"6":{"name":"(anonymous_21)","decl":{"start":{"line":59,"column":19},"end":{"line":59,"column":20}},"loc":{"start":{"line":59,"column":57},"end":{"line":61,"column":5}}},"7":{"name":"(anonymous_22)","decl":{"start":{"line":62,"column":21},"end":{"line":62,"column":22}},"loc":{"start":{"line":62,"column":62},"end":{"line":64,"column":5}}},"8":{"name":"(anonymous_23)","decl":{"start":{"line":65,"column":20},"end":{"line":65,"column":21}},"loc":{"start":{"line":65,"column":57},"end":{"line":71,"column":5}}},"9":{"name":"(anonymous_24)","decl":{"start":{"line":72,"column":22},"end":{"line":72,"column":23}},"loc":{"start":{"line":72,"column":59},"end":{"line":78,"column":5}}},"10":{"name":"(anonymous_25)","decl":{"start":{"line":80,"column":17},"end":{"line":80,"column":18}},"loc":{"start":{"line":80,"column":25},"end":{"line":93,"column":3}}},"11":{"name":"(anonymous_26)","decl":{"start":{"line":82,"column":36},"end":{"line":82,"column":37}},"loc":{"start":{"line":82,"column":42},"end":{"line":84,"column":7}}},"12":{"name":"(anonymous_27)","decl":{"start":{"line":85,"column":38},"end":{"line":85,"column":39}},"loc":{"start":{"line":85,"column":52},"end":{"line":88,"column":7}}},"13":{"name":"(anonymous_28)","decl":{"start":{"line":89,"column":37},"end":{"line":89,"column":38}},"loc":{"start":{"line":89,"column":43},"end":{"line":92,"column":7}}}},"branchMap":{"0":{"loc":{"start":{"line":18,"column":2},"end":{"line":20,"column":3}},"type":"if","locations":[{"start":{"line":18,"column":2},"end":{"line":20,"column":3}}]},"1":{"loc":{"start":{"line":67,"column":6},"end":{"line":70,"column":7}},"type":"if","locations":[{"start":{"line":67,"column":6},"end":{"line":70,"column":7}}]},"2":{"loc":{"start":{"line":75,"column":6},"end":{"line":77,"column":7}},"type":"if","locations":[{"start":{"line":75,"column":6},"end":{"line":77,"column":7}}]},"3":{"loc":{"start":{"line":87,"column":31},"end":{"line":87,"column":60}},"type":"binary-expr","locations":[{"start":{"line":87,"column":31},"end":{"line":87,"column":52}},{"start":{"line":87,"column":56},"end":{"line":87,"column":60}}]},"4":{"loc":{"start":{"line":87,"column":31},"end":{"line":87,"column":52}},"type":"cond-expr","locations":[{"start":{"line":87,"column":45},"end":{"line":87,"column":47}},{"start":{"line":87,"column":45},"end":{"line":87,"column":52}}]},"5":{"loc":{"start":{"line":87,"column":31},"end":{"line":87,"column":47}},"type":"binary-expr","locations":[{"start":{"line":87,"column":31},"end":{"line":87,"column":47}},{"start":{"line":87,"column":45},"end":{"line":87,"column":47}}]}},"s":{"0":2,"1":2,"2":2,"3":2,"4":2,"5":0,"6":2,"7":2,"8":1,"9":1,"10":2,"11":2,"12":2,"13":3,"14":4,"15":1,"16":2,"17":0,"18":0,"19":0,"20":0,"21":0,"22":0,"23":0,"24":0,"25":0,"26":0,"27":0,"28":0,"29":0,"30":2,"31":4,"32":2,"33":2,"34":3,"35":3,"36":2,"37":2},"f":{"0":2,"1":3,"2":4,"3":1,"4":2,"5":0,"6":0,"7":0,"8":0,"9":0,"10":2,"11":4,"12":2,"13":3},"b":{"0":[0],"1":[0],"2":[0],"3":[2,0],"4":[0,2],"5":[2,2]}}
,"E:\\programs\\Git\\dev\\stellar-burgers\\src\\services\\slices\\feedSlice.ts": {"path":"E:\\programs\\Git\\dev\\stellar-burgers\\src\\services\\slices\\feedSlice.ts","statementMap":{"0":{"start":{"line":1,"column":0},"end":{"line":1,"column":35}},"1":{"start":{"line":3,"column":0},"end":{"line":3,"column":80}},"2":{"start":{"line":5,"column":34},"end":{"line":9,"column":2}},"3":{"start":{"line":34,"column":25},"end":{"line":34,"column":41}},"4":{"start":{"line":11,"column":13},"end":{"line":14,"column":2}},"5":{"start":{"line":13,"column":2},"end":{"line":13,"column":null}},"6":{"start":{"line":13,"column":14},"end":{"line":13,"column":null}},"7":{"start":{"line":16,"column":18},"end":{"line":31,"column":2}},"8":{"start":{"line":21,"column":4},"end":{"line":29,"column":9}},"9":{"start":{"line":23,"column":8},"end":{"line":23,"column":26}},"10":{"start":{"line":26,"column":8},"end":{"line":26,"column":45}},"11":{"start":{"line":27,"column":8},"end":{"line":27,"column":43}},"12":{"start":{"line":28,"column":8},"end":{"line":28,"column":53}},"13":{"start":{"line":33,"column":13},"end":{"line":33,"column":45}}},"fnMap":{"0":{"name":"(anonymous_13)","decl":{"start":{"line":13,"column":2},"end":{"line":13,"column":14}},"loc":{"start":{"line":13,"column":2},"end":{"line":13,"column":null}}},"1":{"name":"(anonymous_16)","decl":{"start":{"line":20,"column":17},"end":{"line":20,"column":18}},"loc":{"start":{"line":20,"column":25},"end":{"line":30,"column":3}}},"2":{"name":"(anonymous_17)","decl":{"start":{"line":22,"column":35},"end":{"line":22,"column":36}},"loc":{"start":{"line":22,"column":41},"end":{"line":24,"column":7}}},"3":{"name":"(anonymous_18)","decl":{"start":{"line":25,"column":37},"end":{"line":25,"column":38}},"loc":{"start":{"line":25,"column":51},"end":{"line":29,"column":7}}}},"branchMap":{"0":{"loc":{"start":{"line":13,"column":14},"end":{"line":13,"column":null}},"type":"switch","locations":[{"start":{"line":13,"column":14},"end":{"line":13,"column":null}},{"start":{"line":13,"column":14},"end":{"line":13,"column":null}}]}},"s":{"0":2,"1":2,"2":2,"3":2,"4":2,"5":0,"6":0,"7":2,"8":2,"9":1,"10":1,"11":1,"12":1,"13":2},"f":{"0":0,"1":2,"2":1,"3":1},"b":{"0":[0,0]}}
,"E:\\programs\\Git\\dev\\stellar-burgers\\src\\services\\slices\\index.ts": {"path":"E:\\programs\\Git\\dev\\stellar-burgers\\src\\services\\slices\\index.ts","statementMap":{"0":{"start":{"line":1,"column":0},"end":{"line":1,"column":34}},"1":{"start":{"line":2,"column":0},"end":{"line":2,"column":35}},"2":{"start":{"line":3,"column":0},"end":{"line":3,"column":28}},"3":{"start":{"line":4,"column":0},"end":{"line":4,"column":28}},"4":{"start":{"line":5,"column":0},"end":{"line":5,"column":29}},"5":{"start":{"line":6,"column":0},"end":{"line":6,"column":31}}},"fnMap":{},"branchMap":{},"s":{"0":1,"1":1,"2":1,"3":1,"4":1,"5":1},"f":{},"b":{}}
,"E:\\programs\\Git\\dev\\stellar-burgers\\src\\services\\slices\\ingredientSlice.ts": {"path":"E:\\programs\\Git\\dev\\stellar-burgers\\src\\services\\slices\\ingredientSlice.ts","statementMap":{"0":{"start":{"line":1,"column":0},"end":{"line":1,"column":41}},"1":{"start":{"line":2,"column":0},"end":{"line":2,"column":80}},"2":{"start":{"line":11,"column":39},"end":{"line":15,"column":2}},"3":{"start":{"line":45,"column":25},"end":{"line":45,"column":48}},"4":{"start":{"line":17,"column":13},"end":{"line":20,"column":2}},"5":{"start":{"line":19,"column":2},"end":{"line":19,"column":null}},"6":{"start":{"line":19,"column":14},"end":{"line":19,"column":null}},"7":{"start":{"line":22,"column":24},"end":{"line":42,"column":2}},"8":{"start":{"line":27,"column":4},"end":{"line":40,"column":9}},"9":{"start":{"line":29,"column":8},"end":{"line":29,"column":42}},"10":{"start":{"line":30,"column":8},"end":{"line":30,"column":27}},"11":{"start":{"line":33,"column":8},"end":{"line":33,"column":43}},"12":{"start":{"line":34,"column":8},"end":{"line":34,"column":43}},"13":{"start":{"line":35,"column":8},"end":{"line":35,"column":27}},"14":{"start":{"line":38,"column":8},"end":{"line":38,"column":77}},"15":{"start":{"line":39,"column":8},"end":{"line":39,"column":43}},"16":{"start":{"line":44,"column":13},"end":{"line":44,"column":58}}},"fnMap":{"0":{"name":"(anonymous_13)","decl":{"start":{"line":19,"column":2},"end":{"line":19,"column":14}},"loc":{"start":{"line":19,"column":2},"end":{"line":19,"column":null}}},"1":{"name":"(anonymous_16)","decl":{"start":{"line":26,"column":17},"end":{"line":26,"column":18}},"loc":{"start":{"line":26,"column":25},"end":{"line":41,"column":3}}},"2":{"name":"(anonymous_17)","decl":{"start":{"line":28,"column":41},"end":{"line":28,"column":42}},"loc":{"start":{"line":28,"column":47},"end":{"line":31,"column":7}}},"3":{"name":"(anonymous_18)","decl":{"start":{"line":32,"column":43},"end":{"line":32,"column":44}},"loc":{"start":{"line":32,"column":57},"end":{"line":36,"column":7}}},"4":{"name":"(anonymous_19)","decl":{"start":{"line":37,"column":42},"end":{"line":37,"column":43}},"loc":{"start":{"line":37,"column":56},"end":{"line":40,"column":7}}}},"branchMap":{"0":{"loc":{"start":{"line":19,"column":14},"end":{"line":19,"column":null}},"type":"switch","locations":[{"start":{"line":19,"column":14},"end":{"line":19,"column":null}},{"start":{"line":19,"column":14},"end":{"line":19,"column":null}}]},"1":{"loc":{"start":{"line":38,"column":22},"end":{"line":38,"column":76}},"type":"binary-expr","locations":[{"start":{"line":38,"column":22},"end":{"line":38,"column":42}},{"start":{"line":38,"column":46},"end":{"line":38,"column":76}}]}},"s":{"0":2,"1":2,"2":2,"3":2,"4":2,"5":0,"6":0,"7":2,"8":2,"9":1,"10":1,"11":1,"12":1,"13":1,"14":1,"15":1,"16":2},"f":{"0":0,"1":2,"2":1,"3":1,"4":1},"b":{"0":[0,0],"1":[1,0]}}
,"E:\\programs\\Git\\dev\\stellar-burgers\\src\\services\\slices\\orderSlice.ts": {"path":"E:\\programs\\Git\\dev\\stellar-burgers\\src\\services\\slices\\orderSlice.ts","statementMap":{"0":{"start":{"line":1,"column":0},"end":{"line":1,"column":80}},"1":{"start":{"line":3,"column":0},"end":{"line":3,"column":43}},"2":{"start":{"line":11,"column":40},"end":{"line":15,"column":2}},"3":{"start":{"line":66,"column":25},"end":{"line":66,"column":42}},"4":{"start":{"line":17,"column":13},"end":{"line":30,"column":2}},"5":{"start":{"line":19,"column":42},"end":{"line":19,"column":44}},"6":{"start":{"line":21,"column":18},"end":{"line":21,"column":null}},"7":{"start":{"line":21,"column":12},"end":{"line":21,"column":null}},"8":{"start":{"line":22,"column":6},"end":{"line":22,"column":27}},"9":{"start":{"line":24,"column":6},"end":{"line":26,"column":7}},"10":{"start":{"line":25,"column":8},"end":{"line":25,"column":44}},"11":{"start":{"line":27,"column":6},"end":{"line":27,"column":56}},"12":{"start":{"line":32,"column":19},"end":{"line":62,"column":2}},"13":{"start":{"line":37,"column":6},"end":{"line":37,"column":32}},"14":{"start":{"line":41,"column":4},"end":{"line":60,"column":8}},"15":{"start":{"line":43,"column":8},"end":{"line":43,"column":29}},"16":{"start":{"line":44,"column":8},"end":{"line":44,"column":27}},"17":{"start":{"line":45,"column":8},"end":{"line":45,"column":34}},"18":{"start":{"line":50,"column":10},"end":{"line":50,"column":46}},"19":{"start":{"line":51,"column":10},"end":{"line":51,"column":32}},"20":{"start":{"line":57,"column":10},"end":{"line":57,"column":32}},"21":{"start":{"line":58,"column":10},"end":{"line":58,"column":39}},"22":{"start":{"line":64,"column":15},"end":{"line":64,"column":56}},"23":{"start":{"line":65,"column":13},"end":{"line":65,"column":47}}},"fnMap":{"0":{"name":"(anonymous_13)","decl":{"start":{"line":19,"column":2},"end":{"line":19,"column":9}},"loc":{"start":{"line":19,"column":44},"end":{"line":29,"column":null}}},"1":{"name":"(anonymous_16)","decl":{"start":{"line":36,"column":21},"end":{"line":36,"column":22}},"loc":{"start":{"line":36,"column":27},"end":{"line":38,"column":5}}},"2":{"name":"(anonymous_17)","decl":{"start":{"line":40,"column":17},"end":{"line":40,"column":18}},"loc":{"start":{"line":40,"column":25},"end":{"line":61,"column":3}}},"3":{"name":"(anonymous_18)","decl":{"start":{"line":42,"column":43},"end":{"line":42,"column":44}},"loc":{"start":{"line":42,"column":49},"end":{"line":46,"column":7}}},"4":{"name":"(anonymous_19)","decl":{"start":{"line":49,"column":8},"end":{"line":49,"column":9}},"loc":{"start":{"line":49,"column":45},"end":{"line":52,"column":9}}},"5":{"name":"(anonymous_20)","decl":{"start":{"line":56,"column":8},"end":{"line":56,"column":9}},"loc":{"start":{"line":56,"column":42},"end":{"line":59,"column":9}}}},"branchMap":{"0":{"loc":{"start":{"line":24,"column":6},"end":{"line":26,"column":7}},"type":"if","locations":[{"start":{"line":24,"column":6},"end":{"line":26,"column":7}}]}},"s":{"0":2,"1":2,"2":2,"3":2,"4":2,"5":0,"6":0,"7":0,"8":0,"9":0,"10":0,"11":0,"12":2,"13":0,"14":2,"15":1,"16":1,"17":1,"18":1,"19":1,"20":1,"21":1,"22":2,"23":2},"f":{"0":0,"1":0,"2":2,"3":1,"4":1,"5":1},"b":{"0":[0]}}
,"E:\\programs\\Git\\dev\\stellar-burgers\\src\\services\\slices\\profileSlice.ts": {"path":"E:\\programs\\Git\\dev\\stellar-burgers\\src\\services\\slices\\profileSlice.ts","statementMap":{"0":{"start":{"line":1,"column":0},"end":{"line":1,"column":65}},"1":{"start":{"line":2,"column":0},"end":{"line":2,"column":36}},"2":{"start":{"line":9,"column":35},"end":{"line":9,"column":49}},"3":{"start":{"line":28,"column":25},"end":{"line":28,"column":44}},"4":{"start":{"line":11,"column":13},"end":{"line":14,"column":2}},"5":{"start":{"line":13,"column":2},"end":{"line":13,"column":null}},"6":{"start":{"line":13,"column":14},"end":{"line":13,"column":null}},"7":{"start":{"line":16,"column":21},"end":{"line":25,"column":2}},"8":{"start":{"line":21,"column":4},"end":{"line":23,"column":7}},"9":{"start":{"line":22,"column":6},"end":{"line":22,"column":36}},"10":{"start":{"line":27,"column":13},"end":{"line":27,"column":51}}},"fnMap":{"0":{"name":"(anonymous_13)","decl":{"start":{"line":13,"column":2},"end":{"line":13,"column":14}},"loc":{"start":{"line":13,"column":2},"end":{"line":13,"column":null}}},"1":{"name":"(anonymous_16)","decl":{"start":{"line":20,"column":17},"end":{"line":20,"column":18}},"loc":{"start":{"line":20,"column":25},"end":{"line":24,"column":3}}},"2":{"name":"(anonymous_17)","decl":{"start":{"line":21,"column":45},"end":{"line":21,"column":46}},"loc":{"start":{"line":21,"column":59},"end":{"line":23,"column":5}}}},"branchMap":{"0":{"loc":{"start":{"line":13,"column":14},"end":{"line":13,"column":null}},"type":"switch","locations":[{"start":{"line":13,"column":14},"end":{"line":13,"column":null}},{"start":{"line":13,"column":14},"end":{"line":13,"column":null}}]}},"s":{"0":2,"1":2,"2":2,"3":2,"4":2,"5":4,"6":4,"7":2,"8":2,"9":2,"10":2},"f":{"0":8,"1":2,"2":2},"b":{"0":[2,2]}}
,"E:\\programs\\Git\\dev\\stellar-burgers\\src\\utils\\burger-api.ts": {"path":"E:\\programs\\Git\\dev\\stellar-burgers\\src\\utils\\burger-api.ts","statementMap":{"0":{"start":{"line":1,"column":0},"end":{"line":1,"column":48}},"1":{"start":{"line":4,"column":12},"end":{"line":4,"column":38}},"2":{"start":{"line":6,"column":22},"end":{"line":7,"column":5}},"3":{"start":{"line":7,"column":2},"end":{"line":7,"column":70}},"4":{"start":{"line":7,"column":49},"end":{"line":7,"column":69}},"5":{"start":{"line":18,"column":28},"end":{"line":19,"column":7}},"6":{"start":{"line":19,"column":2},"end":{"line":36,"column":7}},"7":{"start":{"line":28,"column":19},"end":{"line":28,"column":56}},"8":{"start":{"line":30,"column":6},"end":{"line":32,"column":7}},"9":{"start":{"line":31,"column":8},"end":{"line":31,"column":43}},"10":{"start":{"line":33,"column":6},"end":{"line":33,"column":69}},"11":{"start":{"line":34,"column":6},"end":{"line":34,"column":56}},"12":{"start":{"line":35,"column":6},"end":{"line":35,"column":25}},"13":{"start":{"line":18,"column":13},"end":{"line":18,"column":28}},"14":{"start":{"line":38,"column":32},"end":{"line":58,"column":2}},"15":{"start":{"line":40,"column":22},"end":{"line":58,"column":2}},"16":{"start":{"line":43,"column":16},"end":{"line":43,"column":null}},"17":{"start":{"line":43,"column":10},"end":{"line":43,"column":null}},"18":{"start":{"line":44,"column":11},"end":{"line":44,"column":39}},"19":{"start":{"line":44,"column":4},"end":{"line":44,"column":39}},"20":{"start":{"line":46,"column":8},"end":{"line":46,"column":9}},"21":{"start":{"line":47,"column":26},"end":{"line":47,"column":null}},"22":{"start":{"line":47,"column":12},"end":{"line":47,"column":null}},"23":{"start":{"line":48,"column":6},"end":{"line":51,"column":7}},"24":{"start":{"line":49,"column":9},"end":{"line":50,"column":34}},"25":{"start":{"line":52,"column":18},"end":{"line":52,"column":null}},"26":{"start":{"line":52,"column":12},"end":{"line":52,"column":null}},"27":{"start":{"line":53,"column":13},"end":{"line":53,"column":41}},"28":{"start":{"line":53,"column":6},"end":{"line":53,"column":41}},"29":{"start":{"line":55,"column":6},"end":{"line":55,"column":33}},"30":{"start":{"line":38,"column":13},"end":{"line":38,"column":32}},"31":{"start":{"line":74,"column":33},"end":{"line":75,"column":7}},"32":{"start":{"line":75,"column":2},"end":{"line":80,"column":7}},"33":{"start":{"line":76,"column":19},"end":{"line":76,"column":60}},"34":{"start":{"line":78,"column":6},"end":{"line":78,"column":42}},"35":{"start":{"line":78,"column":25},"end":{"line":78,"column":42}},"36":{"start":{"line":79,"column":6},"end":{"line":79,"column":34}},"37":{"start":{"line":74,"column":13},"end":{"line":74,"column":33}},"38":{"start":{"line":82,"column":27},"end":{"line":83,"column":7}},"39":{"start":{"line":83,"column":2},"end":{"line":88,"column":7}},"40":{"start":{"line":84,"column":19},"end":{"line":84,"column":54}},"41":{"start":{"line":86,"column":6},"end":{"line":86,"column":37}},"42":{"start":{"line":86,"column":25},"end":{"line":86,"column":37}},"43":{"start":{"line":87,"column":6},"end":{"line":87,"column":34}},"44":{"start":{"line":82,"column":13},"end":{"line":82,"column":27}},"45":{"start":{"line":90,"column":28},"end":{"line":91,"column":18}},"46":{"start":{"line":91,"column":2},"end":{"line":100,"column":5}},"47":{"start":{"line":98,"column":4},"end":{"line":98,"column":42}},"48":{"start":{"line":98,"column":23},"end":{"line":98,"column":42}},"49":{"start":{"line":99,"column":4},"end":{"line":99,"column":32}},"50":{"start":{"line":90,"column":13},"end":{"line":90,"column":28}},"51":{"start":{"line":125,"column":30},"end":{"line":126,"column":18}},"52":{"start":{"line":126,"column":2},"end":{"line":138,"column":5}},"53":{"start":{"line":136,"column":4},"end":{"line":136,"column":35}},"54":{"start":{"line":136,"column":23},"end":{"line":136,"column":35}},"55":{"start":{"line":137,"column":4},"end":{"line":137,"column":32}},"56":{"start":{"line":125,"column":13},"end":{"line":125,"column":30}},"57":{"start":{"line":144,"column":35},"end":{"line":145,"column":7}},"58":{"start":{"line":145,"column":2},"end":{"line":150,"column":55}},"59":{"start":{"line":150,"column":19},"end":{"line":150,"column":54}},"60":{"start":{"line":144,"column":13},"end":{"line":144,"column":35}},"61":{"start":{"line":167,"column":31},"end":{"line":168,"column":7}},"62":{"start":{"line":168,"column":2},"end":{"line":182,"column":7}},"63":{"start":{"line":175,"column":19},"end":{"line":175,"column":53}},"64":{"start":{"line":177,"column":6},"end":{"line":177,"column":37}},"65":{"start":{"line":177,"column":25},"end":{"line":177,"column":37}},"66":{"start":{"line":178,"column":6},"end":{"line":181,"column":23}},"67":{"start":{"line":167,"column":13},"end":{"line":167,"column":31}},"68":{"start":{"line":189,"column":28},"end":{"line":190,"column":7}},"69":{"start":{"line":190,"column":2},"end":{"line":201,"column":7}},"70":{"start":{"line":197,"column":19},"end":{"line":197,"column":53}},"71":{"start":{"line":199,"column":6},"end":{"line":199,"column":37}},"72":{"start":{"line":199,"column":25},"end":{"line":199,"column":37}},"73":{"start":{"line":200,"column":6},"end":{"line":200,"column":34}},"74":{"start":{"line":189,"column":13},"end":{"line":189,"column":28}},"75":{"start":{"line":203,"column":33},"end":{"line":204,"column":7}},"76":{"start":{"line":204,"column":2},"end":{"line":215,"column":7}},"77":{"start":{"line":211,"column":19},"end":{"line":211,"column":59}},"78":{"start":{"line":213,"column":6},"end":{"line":213,"column":37}},"79":{"start":{"line":213,"column":25},"end":{"line":213,"column":37}},"80":{"start":{"line":214,"column":6},"end":{"line":214,"column":34}},"81":{"start":{"line":203,"column":13},"end":{"line":203,"column":33}},"82":{"start":{"line":217,"column":32},"end":{"line":218,"column":7}},"83":{"start":{"line":218,"column":2},"end":{"line":229,"column":7}},"84":{"start":{"line":225,"column":19},"end":{"line":225,"column":59}},"85":{"start":{"line":227,"column":6},"end":{"line":227,"column":37}},"86":{"start":{"line":227,"column":25},"end":{"line":227,"column":37}},"87":{"start":{"line":228,"column":6},"end":{"line":228,"column":34}},"88":{"start":{"line":217,"column":13},"end":{"line":217,"column":32}},"89":{"start":{"line":233,"column":26},"end":{"line":234,"column":18}},"90":{"start":{"line":234,"column":2},"end":{"line":238,"column":5}},"91":{"start":{"line":233,"column":13},"end":{"line":233,"column":26}},"92":{"start":{"line":240,"column":29},"end":{"line":241,"column":18}},"93":{"start":{"line":241,"column":2},"end":{"line":248,"column":5}},"94":{"start":{"line":240,"column":13},"end":{"line":240,"column":29}},"95":{"start":{"line":250,"column":25},"end":{"line":251,"column":7}},"96":{"start":{"line":251,"column":2},"end":{"line":259,"column":60}},"97":{"start":{"line":259,"column":19},"end":{"line":259,"column":59}},"98":{"start":{"line":250,"column":13},"end":{"line":250,"column":25}}},"fnMap":{"0":{"name":"(anonymous_13)","decl":{"start":{"line":6,"column":22},"end":{"line":6,"column":26}},"loc":{"start":{"line":6,"column":39},"end":{"line":7,"column":5}}},"1":{"name":"(anonymous_14)","decl":{"start":{"line":7,"column":40},"end":{"line":7,"column":41}},"loc":{"start":{"line":7,"column":44},"end":{"line":7,"column":56}}},"2":{"name":"(anonymous_15)","decl":{"start":{"line":18,"column":28},"end":{"line":18,"column":null}},"loc":{"start":{"line":18,"column":28},"end":{"line":19,"column":7}}},"3":{"name":"(anonymous_16)","decl":{"start":{"line":28,"column":10},"end":{"line":28,"column":11}},"loc":{"start":{"line":28,"column":14},"end":{"line":28,"column":32}}},"4":{"name":"(anonymous_17)","decl":{"start":{"line":29,"column":10},"end":{"line":29,"column":11}},"loc":{"start":{"line":29,"column":22},"end":{"line":36,"column":5}}},"5":{"name":"(anonymous_18)","decl":{"start":{"line":38,"column":32},"end":{"line":38,"column":null}},"loc":{"start":{"line":40,"column":22},"end":{"line":58,"column":2}}},"6":{"name":"(anonymous_19)","decl":{"start":{"line":40,"column":22},"end":{"line":40,"column":null}},"loc":{"start":{"line":40,"column":22},"end":{"line":58,"column":2}}},"7":{"name":"(anonymous_21)","decl":{"start":{"line":74,"column":33},"end":{"line":74,"column":null}},"loc":{"start":{"line":74,"column":33},"end":{"line":75,"column":7}}},"8":{"name":"(anonymous_22)","decl":{"start":{"line":76,"column":10},"end":{"line":76,"column":11}},"loc":{"start":{"line":76,"column":14},"end":{"line":76,"column":32}}},"9":{"name":"(anonymous_23)","decl":{"start":{"line":77,"column":10},"end":{"line":77,"column":11}},"loc":{"start":{"line":77,"column":15},"end":{"line":80,"column":5}}},"10":{"name":"(anonymous_24)","decl":{"start":{"line":82,"column":27},"end":{"line":82,"column":null}},"loc":{"start":{"line":82,"column":27},"end":{"line":83,"column":7}}},"11":{"name":"(anonymous_25)","decl":{"start":{"line":84,"column":10},"end":{"line":84,"column":11}},"loc":{"start":{"line":84,"column":14},"end":{"line":84,"column":32}}},"12":{"name":"(anonymous_26)","decl":{"start":{"line":85,"column":10},"end":{"line":85,"column":11}},"loc":{"start":{"line":85,"column":15},"end":{"line":88,"column":5}}},"13":{"name":"(anonymous_27)","decl":{"start":{"line":90,"column":28},"end":{"line":90,"column":null}},"loc":{"start":{"line":90,"column":28},"end":{"line":91,"column":18}}},"14":{"name":"(anonymous_28)","decl":{"start":{"line":97,"column":10},"end":{"line":97,"column":11}},"loc":{"start":{"line":97,"column":15},"end":{"line":100,"column":3}}},"15":{"name":"(anonymous_29)","decl":{"start":{"line":125,"column":30},"end":{"line":125,"column":31}},"loc":{"start":{"line":125,"column":45},"end":{"line":126,"column":18}}},"16":{"name":"(anonymous_30)","decl":{"start":{"line":135,"column":10},"end":{"line":135,"column":11}},"loc":{"start":{"line":135,"column":15},"end":{"line":138,"column":3}}},"17":{"name":"(anonymous_31)","decl":{"start":{"line":144,"column":35},"end":{"line":144,"column":36}},"loc":{"start":{"line":144,"column":50},"end":{"line":145,"column":7}}},"18":{"name":"(anonymous_32)","decl":{"start":{"line":150,"column":10},"end":{"line":150,"column":11}},"loc":{"start":{"line":150,"column":14},"end":{"line":150,"column":32}}},"19":{"name":"(anonymous_33)","decl":{"start":{"line":167,"column":31},"end":{"line":167,"column":32}},"loc":{"start":{"line":167,"column":51},"end":{"line":168,"column":7}}},"20":{"name":"(anonymous_34)","decl":{"start":{"line":175,"column":10},"end":{"line":175,"column":11}},"loc":{"start":{"line":175,"column":14},"end":{"line":175,"column":32}}},"21":{"name":"(anonymous_35)","decl":{"start":{"line":176,"column":10},"end":{"line":176,"column":11}},"loc":{"start":{"line":176,"column":15},"end":{"line":182,"column":5}}},"22":{"name":"(anonymous_36)","decl":{"start":{"line":189,"column":28},"end":{"line":189,"column":29}},"loc":{"start":{"line":189,"column":45},"end":{"line":190,"column":7}}},"23":{"name":"(anonymous_37)","decl":{"start":{"line":197,"column":10},"end":{"line":197,"column":11}},"loc":{"start":{"line":197,"column":14},"end":{"line":197,"column":32}}},"24":{"name":"(anonymous_38)","decl":{"start":{"line":198,"column":10},"end":{"line":198,"column":11}},"loc":{"start":{"line":198,"column":15},"end":{"line":201,"column":5}}},"25":{"name":"(anonymous_39)","decl":{"start":{"line":203,"column":33},"end":{"line":203,"column":34}},"loc":{"start":{"line":203,"column":57},"end":{"line":204,"column":7}}},"26":{"name":"(anonymous_40)","decl":{"start":{"line":211,"column":10},"end":{"line":211,"column":11}},"loc":{"start":{"line":211,"column":14},"end":{"line":211,"column":32}}},"27":{"name":"(anonymous_41)","decl":{"start":{"line":212,"column":10},"end":{"line":212,"column":11}},"loc":{"start":{"line":212,"column":15},"end":{"line":215,"column":5}}},"28":{"name":"(anonymous_42)","decl":{"start":{"line":217,"column":32},"end":{"line":217,"column":33}},"loc":{"start":{"line":217,"column":74},"end":{"line":218,"column":7}}},"29":{"name":"(anonymous_43)","decl":{"start":{"line":225,"column":10},"end":{"line":225,"column":11}},"loc":{"start":{"line":225,"column":14},"end":{"line":225,"column":32}}},"30":{"name":"(anonymous_44)","decl":{"start":{"line":226,"column":10},"end":{"line":226,"column":11}},"loc":{"start":{"line":226,"column":15},"end":{"line":229,"column":5}}},"31":{"name":"(anonymous_45)","decl":{"start":{"line":233,"column":26},"end":{"line":233,"column":null}},"loc":{"start":{"line":233,"column":26},"end":{"line":234,"column":18}}},"32":{"name":"(anonymous_46)","decl":{"start":{"line":240,"column":29},"end":{"line":240,"column":30}},"loc":{"start":{"line":240,"column":58},"end":{"line":241,"column":18}}},"33":{"name":"(anonymous_47)","decl":{"start":{"line":250,"column":25},"end":{"line":250,"column":null}},"loc":{"start":{"line":250,"column":25},"end":{"line":251,"column":7}}},"34":{"name":"(anonymous_48)","decl":{"start":{"line":259,"column":10},"end":{"line":259,"column":11}},"loc":{"start":{"line":259,"column":14},"end":{"line":259,"column":32}}}},"branchMap":{"0":{"loc":{"start":{"line":7,"column":2},"end":{"line":7,"column":69}},"type":"cond-expr","locations":[{"start":{"line":7,"column":11},"end":{"line":7,"column":21}},{"start":{"line":7,"column":24},"end":{"line":7,"column":69}}]},"1":{"loc":{"start":{"line":30,"column":6},"end":{"line":32,"column":7}},"type":"if","locations":[{"start":{"line":30,"column":6},"end":{"line":32,"column":7}}]},"2":{"loc":{"start":{"line":44,"column":4},"end":{"line":44,"column":39}},"type":"switch","locations":[{"start":{"line":44,"column":4},"end":{"line":44,"column":39}},{"start":{"line":53,"column":6},"end":{"line":53,"column":41}},{"start":{"line":55,"column":6},"end":{"line":55,"column":33}}]},"3":{"loc":{"start":{"line":46,"column":8},"end":{"line":46,"column":9}},"type":"if","locations":[{"start":{"line":46,"column":8},"end":{"line":46,"column":9}}]},"4":{"loc":{"start":{"line":48,"column":6},"end":{"line":51,"column":7}},"type":"if","locations":[{"start":{"line":48,"column":6},"end":{"line":51,"column":7}}]},"5":{"loc":{"start":{"line":78,"column":6},"end":{"line":78,"column":42}},"type":"if","locations":[{"start":{"line":78,"column":6},"end":{"line":78,"column":42}}]},"6":{"loc":{"start":{"line":78,"column":10},"end":{"line":78,"column":23}},"type":"cond-expr","locations":[{"start":{"line":78,"column":14},"end":{"line":78,"column":16}},{"start":{"line":78,"column":10},"end":{"line":78,"column":23}}]},"7":{"loc":{"start":{"line":78,"column":10},"end":{"line":78,"column":16}},"type":"binary-expr","locations":[{"start":{"line":78,"column":10},"end":{"line":78,"column":16}},{"start":{"line":78,"column":10},"end":{"line":78,"column":16}}]},"8":{"loc":{"start":{"line":86,"column":6},"end":{"line":86,"column":37}},"type":"if","locations":[{"start":{"line":86,"column":6},"end":{"line":86,"column":37}}]},"9":{"loc":{"start":{"line":86,"column":10},"end":{"line":86,"column":23}},"type":"cond-expr","locations":[{"start":{"line":86,"column":14},"end":{"line":86,"column":16}},{"start":{"line":86,"column":10},"end":{"line":86,"column":23}}]},"10":{"loc":{"start":{"line":86,"column":10},"end":{"line":86,"column":16}},"type":"binary-expr","locations":[{"start":{"line":86,"column":10},"end":{"line":86,"column":16}},{"start":{"line":86,"column":10},"end":{"line":86,"column":16}}]},"11":{"loc":{"start":{"line":98,"column":4},"end":{"line":98,"column":42}},"type":"if","locations":[{"start":{"line":98,"column":4},"end":{"line":98,"column":42}}]},"12":{"loc":{"start":{"line":98,"column":8},"end":{"line":98,"column":21}},"type":"cond-expr","locations":[{"start":{"line":98,"column":12},"end":{"line":98,"column":14}},{"start":{"line":98,"column":8},"end":{"line":98,"column":21}}]},"13":{"loc":{"start":{"line":98,"column":8},"end":{"line":98,"column":14}},"type":"binary-expr","locations":[{"start":{"line":98,"column":8},"end":{"line":98,"column":14}},{"start":{"line":98,"column":8},"end":{"line":98,"column":14}}]},"14":{"loc":{"start":{"line":136,"column":4},"end":{"line":136,"column":35}},"type":"if","locations":[{"start":{"line":136,"column":4},"end":{"line":136,"column":35}}]},"15":{"loc":{"start":{"line":136,"column":8},"end":{"line":136,"column":21}},"type":"cond-expr","locations":[{"start":{"line":136,"column":12},"end":{"line":136,"column":14}},{"start":{"line":136,"column":8},"end":{"line":136,"column":21}}]},"16":{"loc":{"start":{"line":136,"column":8},"end":{"line":136,"column":14}},"type":"binary-expr","locations":[{"start":{"line":136,"column":8},"end":{"line":136,"column":14}},{"start":{"line":136,"column":8},"end":{"line":136,"column":14}}]},"17":{"loc":{"start":{"line":177,"column":6},"end":{"line":177,"column":37}},"type":"if","locations":[{"start":{"line":177,"column":6},"end":{"line":177,"column":37}}]},"18":{"loc":{"start":{"line":177,"column":10},"end":{"line":177,"column":23}},"type":"cond-expr","locations":[{"start":{"line":177,"column":14},"end":{"line":177,"column":16}},{"start":{"line":177,"column":10},"end":{"line":177,"column":23}}]},"19":{"loc":{"start":{"line":177,"column":10},"end":{"line":177,"column":16}},"type":"binary-expr","locations":[{"start":{"line":177,"column":10},"end":{"line":177,"column":16}},{"start":{"line":177,"column":10},"end":{"line":177,"column":16}}]},"20":{"loc":{"start":{"line":199,"column":6},"end":{"line":199,"column":37}},"type":"if","locations":[{"start":{"line":199,"column":6},"end":{"line":199,"column":37}}]},"21":{"loc":{"start":{"line":199,"column":10},"end":{"line":199,"column":23}},"type":"cond-expr","locations":[{"start":{"line":199,"column":14},"end":{"line":199,"column":16}},{"start":{"line":199,"column":10},"end":{"line":199,"column":23}}]},"22":{"loc":{"start":{"line":199,"column":10},"end":{"line":199,"column":16}},"type":"binary-expr","locations":[{"start":{"line":199,"column":10},"end":{"line":199,"column":16}},{"start":{"line":199,"column":10},"end":{"line":199,"column":16}}]},"23":{"loc":{"start":{"line":213,"column":6},"end":{"line":213,"column":37}},"type":"if","locations":[{"start":{"line":213,"column":6},"end":{"line":213,"column":37}}]},"24":{"loc":{"start":{"line":213,"column":10},"end":{"line":213,"column":23}},"type":"cond-expr","locations":[{"start":{"line":213,"column":14},"end":{"line":213,"column":16}},{"start":{"line":213,"column":10},"end":{"line":213,"column":23}}]},"25":{"loc":{"start":{"line":213,"column":10},"end":{"line":213,"column":16}},"type":"binary-expr","locations":[{"start":{"line":213,"column":10},"end":{"line":213,"column":16}},{"start":{"line":213,"column":10},"end":{"line":213,"column":16}}]},"26":{"loc":{"start":{"line":227,"column":6},"end":{"line":227,"column":37}},"type":"if","locations":[{"start":{"line":227,"column":6},"end":{"line":227,"column":37}}]},"27":{"loc":{"start":{"line":227,"column":10},"end":{"line":227,"column":23}},"type":"cond-expr","locations":[{"start":{"line":227,"column":14},"end":{"line":227,"column":16}},{"start":{"line":227,"column":10},"end":{"line":227,"column":23}}]},"28":{"loc":{"start":{"line":227,"column":10},"end":{"line":227,"column":16}},"type":"binary-expr","locations":[{"start":{"line":227,"column":10},"end":{"line":227,"column":16}},{"start":{"line":227,"column":10},"end":{"line":227,"column":16}}]}},"s":{"0":5,"1":5,"2":5,"3":0,"4":0,"5":5,"6":0,"7":0,"8":0,"9":0,"10":0,"11":0,"12":0,"13":5,"14":5,"15":0,"16":0,"17":0,"18":0,"19":0,"20":0,"21":0,"22":0,"23":0,"24":0,"25":0,"26":0,"27":0,"28":0,"29":0,"30":5,"31":5,"32":0,"33":0,"34":0,"35":0,"36":0,"37":5,"38":5,"39":0,"40":0,"41":0,"42":0,"43":0,"44":5,"45":5,"46":0,"47":0,"48":0,"49":0,"50":5,"51":5,"52":0,"53":0,"54":0,"55":0,"56":5,"57":5,"58":0,"59":0,"60":5,"61":5,"62":0,"63":0,"64":0,"65":0,"66":0,"67":5,"68":5,"69":0,"70":0,"71":0,"72":0,"73":0,"74":5,"75":5,"76":0,"77":0,"78":0,"79":0,"80":0,"81":5,"82":5,"83":0,"84":0,"85":0,"86":0,"87":0,"88":5,"89":5,"90":0,"91":5,"92":5,"93":0,"94":5,"95":5,"96":0,"97":0,"98":5},"f":{"0":0,"1":0,"2":0,"3":0,"4":0,"5":0,"6":0,"7":0,"8":0,"9":0,"10":0,"11":0,"12":0,"13":0,"14":0,"15":0,"16":0,"17":0,"18":0,"19":0,"20":0,"21":0,"22":0,"23":0,"24":0,"25":0,"26":0,"27":0,"28":0,"29":0,"30":0,"31":0,"32":0,"33":0,"34":0},"b":{"0":[0,0],"1":[0],"2":[0,0,0],"3":[0],"4":[0],"5":[0],"6":[0,0],"7":[0,0],"8":[0],"9":[0,0],"10":[0,0],"11":[0],"12":[0,0],"13":[0,0],"14":[0],"15":[0,0],"16":[0,0],"17":[0],"18":[0,0],"19":[0,0],"20":[0],"21":[0,0],"22":[0,0],"23":[0],"24":[0,0],"25":[0,0],"26":[0],"27":[0,0],"28":[0,0]}}
,"E:\\programs\\Git\\dev\\stellar-burgers\\src\\utils\\cookie.ts": {"path":"E:\\programs\\Git\\dev\\stellar-burgers\\src\\utils\\cookie.ts","statementMap":{"0":{"start":{"line":2,"column":18},"end":{"line":8,"column":null}},"1":{"start":{"line":10,"column":2},"end":{"line":10,"column":62}},"2":{"start":{"line":1,"column":0},"end":{"line":1,"column":16}},"3":{"start":{"line":16,"column":2},"end":{"line":16,"column":null}},"4":{"start":{"line":18,"column":2},"end":{"line":21,"column":4}},"5":{"start":{"line":23,"column":12},"end":{"line":23,"column":25}},"6":{"start":{"line":24,"column":2},"end":{"line":28,"column":3}},"7":{"start":{"line":25,"column":14},"end":{"line":25,"column":24}},"8":{"start":{"line":26,"column":4},"end":{"line":26,"column":40}},"9":{"start":{"line":27,"column":4},"end":{"line":27,"column":28}},"10":{"start":{"line":30,"column":2},"end":{"line":32,"column":3}},"11":{"start":{"line":31,"column":4},"end":{"line":31,"column":38}},"12":{"start":{"line":33,"column":2},"end":{"line":33,"column":36}},"13":{"start":{"line":34,"column":22},"end":{"line":34,"column":40}},"14":{"start":{"line":35,"column":2},"end":{"line":41,"column":3}},"15":{"start":{"line":36,"column":4},"end":{"line":36,"column":37}},"16":{"start":{"line":37,"column":22},"end":{"line":37,"column":37}},"17":{"start":{"line":38,"column":4},"end":{"line":40,"column":5}},"18":{"start":{"line":39,"column":6},"end":{"line":39,"column":39}},"19":{"start":{"line":42,"column":2},"end":{"line":42,"column":34}},"20":{"start":{"line":13,"column":0},"end":{"line":13,"column":16}},"21":{"start":{"line":46,"column":2},"end":{"line":46,"column":39}},"22":{"start":{"line":45,"column":0},"end":{"line":45,"column":16}}},"fnMap":{"0":{"name":"getCookie","decl":{"start":{"line":1,"column":16},"end":{"line":1,"column":25}},"loc":{"start":{"line":1,"column":38},"end":{"line":11,"column":1}}},"1":{"name":"setCookie","decl":{"start":{"line":13,"column":16},"end":{"line":13,"column":25}},"loc":{"start":{"line":16,"column":65},"end":{"line":43,"column":1}}},"2":{"name":"deleteCookie","decl":{"start":{"line":45,"column":16},"end":{"line":45,"column":28}},"loc":{"start":{"line":45,"column":41},"end":{"line":47,"column":1}}}},"branchMap":{"0":{"loc":{"start":{"line":10,"column":9},"end":{"line":10,"column":61}},"type":"cond-expr","locations":[{"start":{"line":10,"column":19},"end":{"line":10,"column":49}},{"start":{"line":10,"column":52},"end":{"line":10,"column":61}}]},"1":{"loc":{"start":{"line":16,"column":2},"end":{"line":16,"column":null}},"type":"if","locations":[{"start":{"line":16,"column":2},"end":{"line":16,"column":null}}]},"2":{"loc":{"start":{"line":24,"column":2},"end":{"line":28,"column":3}},"type":"if","locations":[{"start":{"line":24,"column":2},"end":{"line":28,"column":3}}]},"3":{"loc":{"start":{"line":24,"column":6},"end":{"line":24,"column":36}},"type":"binary-expr","locations":[{"start":{"line":24,"column":6},"end":{"line":24,"column":9}},{"start":{"line":24,"column":13},"end":{"line":24,"column":36}}]},"4":{"loc":{"start":{"line":30,"column":2},"end":{"line":32,"column":3}},"type":"if","locations":[{"start":{"line":30,"column":2},"end":{"line":32,"column":3}}]},"5":{"loc":{"start":{"line":30,"column":6},"end":{"line":30,"column":32}},"type":"binary-expr","locations":[{"start":{"line":30,"column":6},"end":{"line":30,"column":9}},{"start":{"line":30,"column":13},"end":{"line":30,"column":32}}]},"6":{"loc":{"start":{"line":38,"column":4},"end":{"line":40,"column":5}},"type":"if","locations":[{"start":{"line":38,"column":4},"end":{"line":40,"column":5}}]}},"s":{"0":0,"1":0,"2":5,"3":0,"4":0,"5":0,"6":0,"7":0,"8":0,"9":0,"10":0,"11":0,"12":0,"13":0,"14":0,"15":0,"16":0,"17":0,"18":0,"19":0,"20":5,"21":0,"22":5},"f":{"0":0,"1":0,"2":0},"b":{"0":[0,0],"1":[0],"2":[0],"3":[0,0],"4":[0],"5":[0,0],"6":[0]}}
}
