TN:
SF:src\services\reducers\index.ts
FNF:0
FNH:0
DA:1,1
DA:2,1
DA:11,1
LF:3
LH:3
BRF:0
BRH:0
end_of_record
TN:
SF:src\services\selectors\feedSelectors.ts
FN:3,(anonymous_0)
FNF:1
FNH:1
FNDA:2,(anonymous_0)
DA:3,2
LF:1
LH:1
BRF:0
BRH:0
end_of_record
TN:
SF:src\services\selectors\ingredientsSelector.ts
FN:3,(anonymous_0)
FN:4,(anonymous_1)
FN:7,(anonymous_2)
FN:7,(anonymous_3)
FN:9,(anonymous_4)
FN:12,(anonymous_5)
FN:14,(anonymous_6)
FN:17,(anonymous_7)
FN:19,(anonymous_8)
FN:22,(anonymous_9)
FN:24,(anonymous_10)
FNF:11
FNH:11
FNDA:1,(anonymous_0)
FNDA:1,(anonymous_1)
FNDA:2,(anonymous_2)
FNDA:2,(anonymous_3)
FNDA:2,(anonymous_4)
FNDA:1,(anonymous_5)
FNDA:3,(anonymous_6)
FNDA:1,(anonymous_7)
FNDA:3,(anonymous_8)
FNDA:1,(anonymous_9)
FNDA:3,(anonymous_10)
DA:3,1
DA:4,1
DA:5,1
DA:7,2
DA:8,2
DA:9,2
DA:12,1
DA:13,1
DA:14,3
DA:17,1
DA:18,1
DA:19,3
DA:22,1
DA:23,1
DA:24,3
LF:15
LH:15
BRDA:8,0,0,1
BRF:1
BRH:1
end_of_record
TN:
SF:src\services\selectors\profileSelectors.ts
FN:3,(anonymous_0)
FNF:1
FNH:1
FNDA:2,(anonymous_0)
DA:3,2
LF:1
LH:1
BRF:0
BRH:0
end_of_record
TN:
SF:src\services\selectors\userSelectors.ts
FN:3,(anonymous_0)
FNF:1
FNH:1
FNDA:1,(anonymous_0)
DA:3,1
LF:1
LH:1
BRF:0
BRH:0
end_of_record
TN:
SF:src\services\slices\authSlice.ts
FN:32,(anonymous_13)
FN:54,(anonymous_16)
FN:67,(anonymous_19)
FN:76,(anonymous_22)
FN:92,(anonymous_25)
FN:111,(anonymous_28)
FN:115,(anonymous_29)
FN:117,(anonymous_30)
FN:121,(anonymous_31)
FN:125,(anonymous_32)
FN:129,(anonymous_33)
FN:132,(anonymous_34)
FN:137,(anonymous_35)
FN:142,(anonymous_36)
FN:146,(anonymous_37)
FN:150,(anonymous_38)
FN:156,(anonymous_39)
FN:160,(anonymous_40)
FN:164,(anonymous_41)
FNF:19
FNH:14
FNDA:0,(anonymous_13)
FNDA:0,(anonymous_16)
FNDA:0,(anonymous_19)
FNDA:0,(anonymous_22)
FNDA:0,(anonymous_25)
FNDA:1,(anonymous_28)
FNDA:2,(anonymous_29)
FNDA:1,(anonymous_30)
FNDA:1,(anonymous_31)
FNDA:3,(anonymous_32)
FNDA:1,(anonymous_33)
FNDA:1,(anonymous_34)
FNDA:1,(anonymous_35)
FNDA:3,(anonymous_36)
FNDA:1,(anonymous_37)
FNDA:1,(anonymous_38)
FNDA:3,(anonymous_39)
FNDA:1,(anonymous_40)
FNDA:1,(anonymous_41)
DA:1,2
DA:2,2
DA:11,2
DA:21,2
DA:28,2
DA:32,0
DA:34,0
DA:35,0
DA:36,0
DA:37,0
DA:39,0
DA:48,0
DA:52,2
DA:54,0
DA:56,0
DA:57,0
DA:59,0
DA:60,0
DA:62,0
DA:67,2
DA:68,0
DA:69,0
DA:72,2
DA:76,0
DA:78,0
DA:79,0
DA:80,0
DA:81,0
DA:83,0
DA:84,0
DA:86,0
DA:90,2
DA:92,0
DA:94,0
DA:95,0
DA:96,0
DA:97,0
DA:99,0
DA:100,0
DA:102,0
DA:107,2
DA:112,1
DA:116,2
DA:118,1
DA:119,1
DA:122,1
DA:123,1
DA:126,3
DA:127,3
DA:130,1
DA:133,1
DA:134,1
DA:135,1
DA:138,1
DA:139,1
DA:140,1
DA:143,3
DA:144,3
DA:147,1
DA:148,1
DA:151,1
DA:157,3
DA:158,3
DA:161,1
DA:162,1
DA:165,1
DA:166,1
DA:171,2
DA:173,2
DA:175,2
LF:70
LH:39
BRDA:40,0,0,0
BRDA:40,0,1,0
BRDA:42,1,0,0
BRDA:42,1,1,0
BRDA:44,2,0,0
BRDA:44,2,1,0
BRDA:44,3,0,0
BRDA:44,3,1,0
BRDA:44,3,2,0
BRDA:59,4,0,0
BRDA:68,5,0,0
BRDA:83,6,0,0
BRDA:99,7,0,0
BRDA:127,8,0,3
BRDA:127,8,1,0
BRDA:166,9,0,1
BRDA:166,9,1,0
BRF:17
BRH:2
end_of_record
TN:
SF:src\services\slices\constructorSlice.ts
FN:17,(anonymous_13)
FN:42,(anonymous_16)
FN:45,(anonymous_17)
FN:48,(anonymous_18)
FN:51,(anonymous_19)
FN:54,(anonymous_20)
FN:59,(anonymous_21)
FN:62,(anonymous_22)
FN:65,(anonymous_23)
FN:72,(anonymous_24)
FN:80,(anonymous_25)
FN:82,(anonymous_26)
FN:85,(anonymous_27)
FN:89,(anonymous_28)
FNF:14
FNH:9
FNDA:2,(anonymous_13)
FNDA:3,(anonymous_16)
FNDA:4,(anonymous_17)
FNDA:1,(anonymous_18)
FNDA:2,(anonymous_19)
FNDA:0,(anonymous_20)
FNDA:0,(anonymous_21)
FNDA:0,(anonymous_22)
FNDA:0,(anonymous_23)
FNDA:0,(anonymous_24)
FNDA:2,(anonymous_25)
FNDA:4,(anonymous_26)
FNDA:2,(anonymous_27)
FNDA:3,(anonymous_28)
DA:1,2
DA:3,2
DA:13,2
DA:17,2
DA:18,2
DA:19,0
DA:22,2
DA:23,1
DA:25,1
DA:29,2
DA:38,2
DA:43,3
DA:46,4
DA:49,1
DA:51,2
DA:55,0
DA:56,0
DA:57,0
DA:60,0
DA:63,0
DA:66,0
DA:67,0
DA:68,0
DA:69,0
DA:73,0
DA:74,0
DA:75,0
DA:76,0
DA:81,2
DA:83,4
DA:86,2
DA:87,2
DA:90,3
DA:91,3
DA:97,2
DA:107,2
DA:108,2
LF:37
LH:23
BRDA:18,0,0,0
BRDA:67,1,0,0
BRDA:75,2,0,0
BRDA:87,3,0,2
BRDA:87,3,1,0
BRDA:87,4,0,0
BRDA:87,4,1,2
BRDA:87,5,0,2
BRDA:87,5,1,2
BRF:9
BRH:4
end_of_record
TN:
SF:src\services\slices\feedSlice.ts
FN:13,(anonymous_13)
FN:20,(anonymous_16)
FN:22,(anonymous_17)
FN:25,(anonymous_18)
FNF:4
FNH:3
FNDA:0,(anonymous_13)
FNDA:2,(anonymous_16)
FNDA:1,(anonymous_17)
FNDA:1,(anonymous_18)
DA:1,2
DA:3,2
DA:5,2
DA:11,2
DA:13,0
DA:16,2
DA:21,2
DA:23,1
DA:26,1
DA:27,1
DA:28,1
DA:33,2
DA:34,2
LF:13
LH:12
BRDA:13,0,0,0
BRDA:13,0,1,0
BRF:2
BRH:0
end_of_record
TN:
SF:src\services\slices\index.ts
FNF:0
FNH:0
DA:1,1
DA:2,1
DA:3,1
DA:4,1
DA:5,1
DA:6,1
LF:6
LH:6
BRF:0
BRH:0
end_of_record
TN:
SF:src\services\slices\ingredientSlice.ts
FN:19,(anonymous_13)
FN:26,(anonymous_16)
FN:28,(anonymous_17)
FN:32,(anonymous_18)
FN:37,(anonymous_19)
FNF:5
FNH:4
FNDA:0,(anonymous_13)
FNDA:2,(anonymous_16)
FNDA:1,(anonymous_17)
FNDA:1,(anonymous_18)
FNDA:1,(anonymous_19)
DA:1,2
DA:2,2
DA:11,2
DA:17,2
DA:19,0
DA:22,2
DA:27,2
DA:29,1
DA:30,1
DA:33,1
DA:34,1
DA:35,1
DA:38,1
DA:39,1
DA:44,2
DA:45,2
LF:16
LH:15
BRDA:19,0,0,0
BRDA:19,0,1,0
BRDA:38,1,0,1
BRDA:38,1,1,0
BRF:4
BRH:1
end_of_record
TN:
SF:src\services\slices\orderSlice.ts
FN:19,(anonymous_13)
FN:36,(anonymous_16)
FN:40,(anonymous_17)
FN:42,(anonymous_18)
FN:49,(anonymous_19)
FN:56,(anonymous_20)
FNF:6
FNH:4
FNDA:0,(anonymous_13)
FNDA:0,(anonymous_16)
FNDA:2,(anonymous_17)
FNDA:1,(anonymous_18)
FNDA:1,(anonymous_19)
FNDA:1,(anonymous_20)
DA:1,2
DA:3,2
DA:11,2
DA:17,2
DA:19,0
DA:21,0
DA:22,0
DA:24,0
DA:25,0
DA:27,0
DA:32,2
DA:37,0
DA:41,2
DA:43,1
DA:44,1
DA:45,1
DA:50,1
DA:51,1
DA:57,1
DA:58,1
DA:64,2
DA:65,2
DA:66,2
LF:23
LH:16
BRDA:24,0,0,0
BRF:1
BRH:0
end_of_record
TN:
SF:src\services\slices\profileSlice.ts
FN:13,(anonymous_13)
FN:20,(anonymous_16)
FN:21,(anonymous_17)
FNF:3
FNH:3
FNDA:8,(anonymous_13)
FNDA:2,(anonymous_16)
FNDA:2,(anonymous_17)
DA:1,2
DA:2,2
DA:9,2
DA:11,2
DA:13,4
DA:16,2
DA:21,2
DA:22,2
DA:27,2
DA:28,2
LF:10
LH:10
BRDA:13,0,0,2
BRDA:13,0,1,2
BRF:2
BRH:2
end_of_record
TN:
SF:src\utils\burger-api.ts
FN:6,(anonymous_13)
FN:7,(anonymous_14)
FN:18,(anonymous_15)
FN:28,(anonymous_16)
FN:29,(anonymous_17)
FN:38,(anonymous_18)
FN:40,(anonymous_19)
FN:74,(anonymous_21)
FN:76,(anonymous_22)
FN:77,(anonymous_23)
FN:82,(anonymous_24)
FN:84,(anonymous_25)
FN:85,(anonymous_26)
FN:90,(anonymous_27)
FN:97,(anonymous_28)
FN:125,(anonymous_29)
FN:135,(anonymous_30)
FN:144,(anonymous_31)
FN:150,(anonymous_32)
FN:167,(anonymous_33)
FN:175,(anonymous_34)
FN:176,(anonymous_35)
FN:189,(anonymous_36)
FN:197,(anonymous_37)
FN:198,(anonymous_38)
FN:203,(anonymous_39)
FN:211,(anonymous_40)
FN:212,(anonymous_41)
FN:217,(anonymous_42)
FN:225,(anonymous_43)
FN:226,(anonymous_44)
FN:233,(anonymous_45)
FN:240,(anonymous_46)
FN:250,(anonymous_47)
FN:259,(anonymous_48)
FNF:35
FNH:0
FNDA:0,(anonymous_13)
FNDA:0,(anonymous_14)
FNDA:0,(anonymous_15)
FNDA:0,(anonymous_16)
FNDA:0,(anonymous_17)
FNDA:0,(anonymous_18)
FNDA:0,(anonymous_19)
FNDA:0,(anonymous_21)
FNDA:0,(anonymous_22)
FNDA:0,(anonymous_23)
FNDA:0,(anonymous_24)
FNDA:0,(anonymous_25)
FNDA:0,(anonymous_26)
FNDA:0,(anonymous_27)
FNDA:0,(anonymous_28)
FNDA:0,(anonymous_29)
FNDA:0,(anonymous_30)
FNDA:0,(anonymous_31)
FNDA:0,(anonymous_32)
FNDA:0,(anonymous_33)
FNDA:0,(anonymous_34)
FNDA:0,(anonymous_35)
FNDA:0,(anonymous_36)
FNDA:0,(anonymous_37)
FNDA:0,(anonymous_38)
FNDA:0,(anonymous_39)
FNDA:0,(anonymous_40)
FNDA:0,(anonymous_41)
FNDA:0,(anonymous_42)
FNDA:0,(anonymous_43)
FNDA:0,(anonymous_44)
FNDA:0,(anonymous_45)
FNDA:0,(anonymous_46)
FNDA:0,(anonymous_47)
FNDA:0,(anonymous_48)
DA:1,5
DA:4,5
DA:6,5
DA:7,0
DA:18,5
DA:19,0
DA:28,0
DA:30,0
DA:31,0
DA:33,0
DA:34,0
DA:35,0
DA:38,5
DA:40,0
DA:43,0
DA:44,0
DA:46,0
DA:47,0
DA:48,0
DA:49,0
DA:52,0
DA:53,0
DA:55,0
DA:74,5
DA:75,0
DA:76,0
DA:78,0
DA:79,0
DA:82,5
DA:83,0
DA:84,0
DA:86,0
DA:87,0
DA:90,5
DA:91,0
DA:98,0
DA:99,0
DA:125,5
DA:126,0
DA:136,0
DA:137,0
DA:144,5
DA:145,0
DA:150,0
DA:167,5
DA:168,0
DA:175,0
DA:177,0
DA:178,0
DA:189,5
DA:190,0
DA:197,0
DA:199,0
DA:200,0
DA:203,5
DA:204,0
DA:211,0
DA:213,0
DA:214,0
DA:217,5
DA:218,0
DA:225,0
DA:227,0
DA:228,0
DA:233,5
DA:234,0
DA:240,5
DA:241,0
DA:250,5
DA:251,0
DA:259,0
LF:71
LH:17
BRDA:7,0,0,0
BRDA:7,0,1,0
BRDA:30,1,0,0
BRDA:44,2,0,0
BRDA:44,2,1,0
BRDA:44,2,2,0
BRDA:46,3,0,0
BRDA:48,4,0,0
BRDA:78,5,0,0
BRDA:78,6,0,0
BRDA:78,6,1,0
BRDA:78,7,0,0
BRDA:78,7,1,0
BRDA:86,8,0,0
BRDA:86,9,0,0
BRDA:86,9,1,0
BRDA:86,10,0,0
BRDA:86,10,1,0
BRDA:98,11,0,0
BRDA:98,12,0,0
BRDA:98,12,1,0
BRDA:98,13,0,0
BRDA:98,13,1,0
BRDA:136,14,0,0
BRDA:136,15,0,0
BRDA:136,15,1,0
BRDA:136,16,0,0
BRDA:136,16,1,0
BRDA:177,17,0,0
BRDA:177,18,0,0
BRDA:177,18,1,0
BRDA:177,19,0,0
BRDA:177,19,1,0
BRDA:199,20,0,0
BRDA:199,21,0,0
BRDA:199,21,1,0
BRDA:199,22,0,0
BRDA:199,22,1,0
BRDA:213,23,0,0
BRDA:213,24,0,0
BRDA:213,24,1,0
BRDA:213,25,0,0
BRDA:213,25,1,0
BRDA:227,26,0,0
BRDA:227,27,0,0
BRDA:227,27,1,0
BRDA:227,28,0,0
BRDA:227,28,1,0
BRF:48
BRH:0
end_of_record
TN:
SF:src\utils\cookie.ts
FN:1,getCookie
FN:13,setCookie
FN:45,deleteCookie
FNF:3
FNH:0
FNDA:0,getCookie
FNDA:0,setCookie
FNDA:0,deleteCookie
DA:1,5
DA:2,0
DA:10,0
DA:13,5
DA:16,0
DA:18,0
DA:23,0
DA:24,0
DA:25,0
DA:26,0
DA:27,0
DA:30,0
DA:31,0
DA:33,0
DA:34,0
DA:35,0
DA:36,0
DA:37,0
DA:38,0
DA:39,0
DA:42,0
DA:45,5
DA:46,0
LF:23
LH:3
BRDA:10,0,0,0
BRDA:10,0,1,0
BRDA:16,1,0,0
BRDA:24,2,0,0
BRDA:24,3,0,0
BRDA:24,3,1,0
BRDA:30,4,0,0
BRDA:30,5,0,0
BRDA:30,5,1,0
BRDA:38,6,0,0
BRF:10
BRH:0
end_of_record
